%!Adobe-FontList 1.16
%Locale:0x409

%BeginFont
Handler:DirectoryHandler
FontType:Type1
FontName:BaskervilleBT-Bold
FamilyName:Baskerville BT
StyleName:Bold
FullName:Baskerville BT Bold
MenuName:Baskerville
StyleBits:2
WritingScript:Roman
OutlineFileName:G:\couture\couture\Bnix_page4 Folder\Document fonts\BASKEBTB.OTF
DataFormat:sfntData
UsesStandardEncoding:yes
isCFF:yes
FileLength:27752
FileModTime:1232908568
WeightClass:700
WidthClass:5
AngleClass:0
NameArray:0,Mac,4,Baskerville Bold
NameArray:0,Win,1,Baskerville
%EndFont

%BeginFont
Handler:DirectoryHandler
FontType:TrueType
FontName:Baskerville-Normal
FamilyName:Baskerville
StyleName:Normal
FullName:Baskerville-Normal
MenuName:Baskerville
StyleBits:0
WritingScript:Roman
OutlineFileName:G:\couture\couture\Bnix_page4 Folder\Document fonts\baskvl.ttf
DataFormat:sfntData
FileLength:30764
FileModTime:1313100158
WeightClass:400
WidthClass:5
AngleClass:0
NameArray:0,Mac,4,Baskerville-Normal
NameArray:0,Win,1,Baskerville
%EndFont

%BeginFont
Handler:DirectoryHandler
FontType:TrueType
FontName:BodoniMT
FamilyName:Bodoni MT
StyleName:Regular
FullName:Bodoni MT
MenuName:Bodoni MT
StyleBits:0
WritingScript:Roman
OutlineFileName:G:\couture\couture\Bnix_page4 Folder\Document fonts\BOD_R.TTF
DataFormat:sfntData
FileLength:77884
FileModTime:1383874951
WeightClass:400
WidthClass:5
AngleClass:0
NameArray:0,Mac,4,Bodoni MT
NameArray:0,Win,1,Bodoni MT
%EndFont

%BeginFont
Handler:DirectoryHandler
FontType:Type1
FontName:MinionPro-Regular
FamilyName:Minion Pro
StyleName:Regular
FullName:Minion Pro
MenuName:Minion Pro
StyleBits:0
WritingScript:Roman
OutlineFileName:G:\couture\couture\Bnix_page4 Folder\Document fonts\MinionPro-Regular.otf
DataFormat:sfntData
UsesStandardEncoding:yes
isCFF:yes
FileLength:218640
FileModTime:1363379132
WeightClass:400
WidthClass:5
AngleClass:0
DesignSize:110
NameArray:0,Mac,4,Minion Pro
NameArray:0,Win,1,Minion Pro
%EndFont

