%!Adobe-FontList 1.16
%Locale:0x409

%BeginFont
Handler:DirectoryHandler
FontType:TrueType
FontName:BodoniMT
FamilyName:Bodoni MT
StyleName:Regular
FullName:Bodoni MT
MenuName:Bodoni MT
StyleBits:0
WritingScript:Roman
OutlineFileName:G:\couture\couture\bnix_page1 Folder\Document fonts\BOD_R.TTF
DataFormat:sfntData
FileLength:77884
FileModTime:1383874951
WeightClass:400
WidthClass:5
AngleClass:0
NameArray:0,Mac,4,Bodoni MT
NameArray:0,Win,1,Bodoni MT
%EndFont

%BeginFont
Handler:DirectoryHandler
FontType:Type1
FontName:MinionPro-Regular
FamilyName:Minion Pro
StyleName:Regular
FullName:Minion Pro
MenuName:Minion Pro
StyleBits:0
WritingScript:Roman
OutlineFileName:G:\couture\couture\bnix_page1 Folder\Document fonts\MinionPro-Regular.otf
DataFormat:sfntData
UsesStandardEncoding:yes
isCFF:yes
FileLength:218640
FileModTime:1363379132
WeightClass:400
WidthClass:5
AngleClass:0
DesignSize:110
NameArray:0,Mac,4,Minion Pro
NameArray:0,Win,1,Minion Pro
%EndFont

